Using pre-set license
Built from '2022.3/china_unity/release' branch; Version is '2022.3.8f1c1 (4ec8ee1b2212) revision 5163246'; Using compiler version '192829333'; Build Type 'Release'
OS: 'Windows 11  (10.0.22631) 64bit CoreCountrySpecific' Language: 'zh' Physical Memory: 65275 MB
BatchMode: 1, IsHumanControllingUs: 0, StartBugReporterOnCrash: 0, Is64bit: 1, IsPro: 1

COMMAND LINE ARGUMENTS:
D:\ToolsSama\Unity\2022.3.8f1c1\Editor\Unity.exe
-adb2
-batchMode
-noUpm
-name
AssetImportWorker6
-projectPath
D:/github/ProjectQ
-logFile
Logs/AssetImportWorker6.log
-srvPort
52751
Successfully changed project path to: D:/github/ProjectQ
D:/github/ProjectQ
[UnityMemory] Configuration Parameters - Can be set up in boot.config
    "memorysetup-bucket-allocator-granularity=16"
    "memorysetup-bucket-allocator-bucket-count=8"
    "memorysetup-bucket-allocator-block-size=33554432"
    "memorysetup-bucket-allocator-block-count=8"
    "memorysetup-main-allocator-block-size=16777216"
    "memorysetup-thread-allocator-block-size=16777216"
    "memorysetup-gfx-main-allocator-block-size=16777216"
    "memorysetup-gfx-thread-allocator-block-size=16777216"
    "memorysetup-cache-allocator-block-size=4194304"
    "memorysetup-typetree-allocator-block-size=2097152"
    "memorysetup-profiler-bucket-allocator-granularity=16"
    "memorysetup-profiler-bucket-allocator-bucket-count=8"
    "memorysetup-profiler-bucket-allocator-block-size=33554432"
    "memorysetup-profiler-bucket-allocator-block-count=8"
    "memorysetup-profiler-allocator-block-size=16777216"
    "memorysetup-profiler-editor-allocator-block-size=1048576"
    "memorysetup-temp-allocator-size-main=16777216"
    "memorysetup-job-temp-allocator-block-size=2097152"
    "memorysetup-job-temp-allocator-block-size-background=1048576"
    "memorysetup-job-temp-allocator-reduction-small-platforms=262144"
    "memorysetup-allocator-temp-initial-block-size-main=262144"
    "memorysetup-allocator-temp-initial-block-size-worker=262144"
    "memorysetup-temp-allocator-size-background-worker=32768"
    "memorysetup-temp-allocator-size-job-worker=262144"
    "memorysetup-temp-allocator-size-preload-manager=33554432"
    "memorysetup-temp-allocator-size-nav-mesh-worker=65536"
    "memorysetup-temp-allocator-size-audio-worker=65536"
    "memorysetup-temp-allocator-size-cloud-worker=32768"
    "memorysetup-temp-allocator-size-gi-baking-worker=262144"
    "memorysetup-temp-allocator-size-gfx=262144"
Player connection [3932] Host "[IP] 192.168.1.27 [Port] 0 [Flags] 2 [Guid] 2933142001 [EditorId] 2933142001 [Version] 1048832 [Id] WindowsEditor(7,Star) [Debug] 1 [PackageName] WindowsEditor [ProjectName] Editor" joined multi-casting on [225.0.0.222:54997]...

Player connection [3932] Host "[IP] 192.168.1.27 [Port] 0 [Flags] 2 [Guid] 2933142001 [EditorId] 2933142001 [Version] 1048832 [Id] WindowsEditor(7,Star) [Debug] 1 [PackageName] WindowsEditor [ProjectName] Editor" joined alternative multi-casting on [225.0.0.222:34997]...

[Physics::Module] Initialized MultithreadedJobDispatcher with 31 workers.
Refreshing native plugins compatible for Editor in 18.45 ms, found 4 plugins.
Preloading 0 native plugins for Editor in 0.00 ms.
Initialize engine version: 2022.3.8f1c1 (4ec8ee1b2212)
[Subsystems] Discovering subsystems at path D:/ToolsSama/Unity/2022.3.8f1c1/Editor/Data/Resources/UnitySubsystems
[Subsystems] Discovering subsystems at path D:/github/ProjectQ/Assets
GfxDevice: creating device client; threaded=0; jobified=0
Direct3D:
    Version:  Direct3D 11.0 [level 11.1]
    Renderer: NVIDIA GeForce RTX 4060 Laptop GPU (ID=0x28e0)
    Vendor:   NVIDIA
    VRAM:     7972 MB
    Driver:   31.0.15.4633
Initialize mono
Mono path[0] = 'D:/ToolsSama/Unity/2022.3.8f1c1/Editor/Data/Managed'
Mono path[1] = 'D:/ToolsSama/Unity/2022.3.8f1c1/Editor/Data/MonoBleedingEdge/lib/mono/unityjit-win32'
Mono config path = 'D:/ToolsSama/Unity/2022.3.8f1c1/Editor/Data/MonoBleedingEdge/etc'
Using monoOptions --debugger-agent=transport=dt_socket,embedding=1,server=y,suspend=n,address=127.0.0.1:56708
Begin MonoManager ReloadAssembly
Registering precompiled unity dll's ...
Register platform support module: D:/ToolsSama/Unity/2022.3.8f1c1/Editor/Data/PlaybackEngines/WebGLSupport/UnityEditor.WebGL.Extensions.dll
Register platform support module: D:/ToolsSama/Unity/2022.3.8f1c1/Editor/Data/PlaybackEngines/WindowsStandaloneSupport/UnityEditor.WindowsStandalone.Extensions.dll
Registered in 0.007831 seconds.
- Loaded All Assemblies, in  0.378 seconds
Native extension for WindowsStandalone target not found
Native extension for WebGL target not found
Mono: successfully reloaded assembly
- Finished resetting the current domain, in  0.220 seconds
Domain Reload Profiling: 593ms
	BeginReloadAssembly (148ms)
		ExecutionOrderSort (0ms)
		DisableScriptedObjects (0ms)
		BackupInstance (0ms)
		ReleaseScriptingObjects (0ms)
		CreateAndSetChildDomain (1ms)
	RebuildCommonClasses (28ms)
	RebuildNativeTypeToScriptingClass (10ms)
	initialDomainReloadingComplete (62ms)
	LoadAllAssembliesAndSetupDomain (126ms)
		LoadAssemblies (136ms)
		RebuildTransferFunctionScriptingTraits (0ms)
		AnalyzeDomain (123ms)
			TypeCache.Refresh (122ms)
				TypeCache.ScanAssembly (111ms)
			ScanForSourceGeneratedMonoScriptInfo (0ms)
			ResolveRequiredComponents (0ms)
	FinalizeReload (221ms)
		ReleaseScriptCaches (0ms)
		RebuildScriptCaches (0ms)
		SetupLoadedEditorAssemblies (167ms)
			LogAssemblyErrors (0ms)
			InitializePlatformSupportModulesInManaged (8ms)
			SetLoadedEditorAssemblies (4ms)
			RefreshPlugins (0ms)
			BeforeProcessingInitializeOnLoad (2ms)
			ProcessInitializeOnLoadAttributes (110ms)
			ProcessInitializeOnLoadMethodAttributes (43ms)
			AfterProcessingInitializeOnLoad (0ms)
			EditorAssembliesLoaded (0ms)
		ExecutionOrderSort2 (0ms)
		AwakeInstancesAfterBackupRestoration (0ms)
========================================================================
Worker process is ready to serve import requests
Begin MonoManager ReloadAssembly
- Loaded All Assemblies, in  0.842 seconds
Refreshing native plugins compatible for Editor in 7.96 ms, found 4 plugins.
Native extension for WindowsStandalone target not found
Native extension for WebGL target not found
Package Manager log level set to [2]
[Package Manager] Server::EnsureServerProcessIsRunning -- launch failed, reason: Unity was launched with the -noUpm command-line argument
[Package Manager] UpmClient::Send -- Unable to send message (not connected to UPM process).
[Package Manager] Cannot connect to Unity Package Manager local server
Mono: successfully reloaded assembly
- Finished resetting the current domain, in  0.761 seconds
Domain Reload Profiling: 1582ms
	BeginReloadAssembly (247ms)
		ExecutionOrderSort (0ms)
		DisableScriptedObjects (4ms)
		BackupInstance (0ms)
		ReleaseScriptingObjects (0ms)
		CreateAndSetChildDomain (21ms)
	RebuildCommonClasses (30ms)
	RebuildNativeTypeToScriptingClass (8ms)
	initialDomainReloadingComplete (57ms)
	LoadAllAssembliesAndSetupDomain (478ms)
		LoadAssemblies (470ms)
		RebuildTransferFunctionScriptingTraits (0ms)
		AnalyzeDomain (193ms)
			TypeCache.Refresh (161ms)
				TypeCache.ScanAssembly (143ms)
			ScanForSourceGeneratedMonoScriptInfo (23ms)
			ResolveRequiredComponents (8ms)
	FinalizeReload (762ms)
		ReleaseScriptCaches (0ms)
		RebuildScriptCaches (0ms)
		SetupLoadedEditorAssemblies (618ms)
			LogAssemblyErrors (0ms)
			InitializePlatformSupportModulesInManaged (7ms)
			SetLoadedEditorAssemblies (3ms)
			RefreshPlugins (0ms)
			BeforeProcessingInitializeOnLoad (73ms)
			ProcessInitializeOnLoadAttributes (461ms)
			ProcessInitializeOnLoadMethodAttributes (61ms)
			AfterProcessingInitializeOnLoad (12ms)
			EditorAssembliesLoaded (0ms)
		ExecutionOrderSort2 (0ms)
		AwakeInstancesAfterBackupRestoration (9ms)
Launched and connected shader compiler UnityShaderCompiler.exe after 0.11 seconds
Refreshing native plugins compatible for Editor in 15.41 ms, found 4 plugins.
Preloading 0 native plugins for Editor in 0.00 ms.
Unloading 5742 Unused Serialized files (Serialized files now loaded: 0)
Unloading 83 unused Assets / (321.9 KB). Loaded Objects now: 6203.
Memory consumption went from 218.8 MB to 218.5 MB.
Total: 6.714700 ms (FindLiveObjects: 0.535200 ms CreateObjectMapping: 0.223900 ms MarkObjects: 5.764800 ms  DeleteObjects: 0.188400 ms)

AssetImportParameters requested are different than current active one (requested -> active):
  custom:container-demuxer-ogg: 62fdf1f143b41e24485cea50d1cbac27 -> 
  custom:video-codec-MediaFoundation-h265: 746d11721c4dcdbdad8f713fa42b33f4 -> 
  custom:video-decoder-ogg-theora: a1e56fd34408186e4bbccfd4996cb3dc -> 
  custom:framework-win-MediaFoundation: 216162199b28c13a410421893ffa2e32 -> 
  custom:CustomObjectIndexerAttribute: a3ef5dd2817f97addfee359851a9dba5 -> 
  custom:container-demuxer-webm: 4f35f7cbe854078d1ac9338744f61a02 -> 
  custom:container-muxer-webm: aa71ff27fc2769a1b78a27578f13a17b -> 
  custom:video-decoder-webm-vp8: 9c59270c3fd7afecdb556c50c9e8de78 -> 
  custom:SearchIndexIgnoredProperties: e643bd26f0fe6173181afceb89e7c659 -> 
  custom:AudioImporter_EditorPlatform: d09bf68614088b80899f8185d706f6e7 -> 
  custom:video-encoder-webm-vp8: eb34c28f22e8b96e1ab97ce403110664 -> 
  custom:audio-decoder-ogg-vorbis: bf7c407c2cedff20999df2af8eb42d56 -> 
  custom:audio-encoder-webm-vorbis: bf7c407c2cedff20999df2af8eb42d56 -> 
========================================================================
Received Import Request.
  Time since last request: 2393173.682382 seconds.
  path: Assets/Creator Kit - RPG/Art/Sprites/Animated Environment/Animated_Tree2_Sheet.png
  artifactKey: Guid(4c4775fa3485eda4197558b5d1206d16) Importer(815301076,1909f56bfc062723c751e8b465ee728b)
Start importing Assets/Creator Kit - RPG/Art/Sprites/Animated Environment/Animated_Tree2_Sheet.png using Guid(4c4775fa3485eda4197558b5d1206d16) Importer(815301076,1909f56bfc062723c751e8b465ee728b)  -> (artifact id: 'aebdc3332741e8a2f5dcf0464f1c49ba') in 0.159048 seconds
Number of updated asset objects reloaded before import = 0
Number of asset objects unloaded after import = 10
========================================================================
Received Import Request.
  Time since last request: 4.098859 seconds.
  path: Assets/Creator Kit - RPG/Art/Sprites/Environment/House.png
  artifactKey: Guid(8a9662b554744da4e97ed5bba5353115) Importer(815301076,1909f56bfc062723c751e8b465ee728b)
Start importing Assets/Creator Kit - RPG/Art/Sprites/Environment/House.png using Guid(8a9662b554744da4e97ed5bba5353115) Importer(815301076,1909f56bfc062723c751e8b465ee728b)  -> (artifact id: '18aed74ce0c6eb4e3d263e89cf230548') in 0.204245 seconds
Number of updated asset objects reloaded before import = 0
Number of asset objects unloaded after import = 34
========================================================================
Received Import Request.
  Time since last request: 275.439870 seconds.
  path: Assets/Creator Kit - RPG/Art/Tiles/HouseRoof.asset
  artifactKey: Guid(2b33864576bedda48acd614b7a019f69) Importer(815301076,1909f56bfc062723c751e8b465ee728b)
Start importing Assets/Creator Kit - RPG/Art/Tiles/HouseRoof.asset using Guid(2b33864576bedda48acd614b7a019f69) Importer(815301076,1909f56bfc062723c751e8b465ee728b)  -> (artifact id: '4ad7bba90333d3a922dcb30e8276cc62') in 0.039149 seconds
Number of updated asset objects reloaded before import = 0
Number of asset objects unloaded after import = 3
========================================================================
Received Import Request.
  Time since last request: 79.579373 seconds.
  path: Assets/Creator Kit - RPG/Art/Sprites/Environment/HouseRoof.png
  artifactKey: Guid(b694b22057cf35c4e96748f66d3f1f75) Importer(815301076,1909f56bfc062723c751e8b465ee728b)
Start importing Assets/Creator Kit - RPG/Art/Sprites/Environment/HouseRoof.png using Guid(b694b22057cf35c4e96748f66d3f1f75) Importer(815301076,1909f56bfc062723c751e8b465ee728b)  -> (artifact id: 'bf49583fde997fdcd3205a66fee43104') in 0.035445 seconds
Number of updated asset objects reloaded before import = 0
Number of asset objects unloaded after import = 2
========================================================================
Received Import Request.
  Time since last request: 61.958757 seconds.
  path: Assets/Creator Kit - RPG/Art/Sprites/Environment/HouseRoof.png
  artifactKey: Guid(b694b22057cf35c4e96748f66d3f1f75) Importer(815301076,1909f56bfc062723c751e8b465ee728b)
Start importing Assets/Creator Kit - RPG/Art/Sprites/Environment/HouseRoof.png using Guid(b694b22057cf35c4e96748f66d3f1f75) Importer(815301076,1909f56bfc062723c751e8b465ee728b)  -> (artifact id: '110b09fa3d11b964d483f96beb413617') in 0.027814 seconds
Number of updated asset objects reloaded before import = 0
Number of asset objects unloaded after import = 3
========================================================================
Received Import Request.
  Time since last request: 15.204335 seconds.
  path: Assets/Creator Kit - RPG/Art/Sprites/Environment/HouseRoof.png
  artifactKey: Guid(b694b22057cf35c4e96748f66d3f1f75) Importer(815301076,1909f56bfc062723c751e8b465ee728b)
Start importing Assets/Creator Kit - RPG/Art/Sprites/Environment/HouseRoof.png using Guid(b694b22057cf35c4e96748f66d3f1f75) Importer(815301076,1909f56bfc062723c751e8b465ee728b)  -> (artifact id: 'fde0a8c651676827fbe91761c019793f') in 0.015931 seconds
Number of updated asset objects reloaded before import = 0
Number of asset objects unloaded after import = 3
========================================================================
Received Import Request.
  Time since last request: 15.364441 seconds.
  path: Assets/TutorialInfo/Icons/icon_tutorial_package.png
  artifactKey: Guid(6e9845f3dd8af6e478e6d87fd1fb4fde) Importer(815301076,1909f56bfc062723c751e8b465ee728b)
Start importing Assets/TutorialInfo/Icons/icon_tutorial_package.png using Guid(6e9845f3dd8af6e478e6d87fd1fb4fde) Importer(815301076,1909f56bfc062723c751e8b465ee728b)  -> (artifact id: '88fef08a3a6d27943124eb096876ec43') in 0.026713 seconds
Number of updated asset objects reloaded before import = 0
Number of asset objects unloaded after import = 3
========================================================================
Received Import Request.
  Time since last request: 3.640390 seconds.
  path: Assets/Creator Kit - RPG/Art/Sprites/Floors/Tiles_Desert.png
  artifactKey: Guid(3fee7df828e6f284bbcf208bce9c5e21) Importer(815301076,1909f56bfc062723c751e8b465ee728b)
Start importing Assets/Creator Kit - RPG/Art/Sprites/Floors/Tiles_Desert.png using Guid(3fee7df828e6f284bbcf208bce9c5e21) Importer(815301076,1909f56bfc062723c751e8b465ee728b)  -> (artifact id: '608f9e3e37884bf19baa9a1feb52b01b') in 0.038879 seconds
Number of updated asset objects reloaded before import = 0
Number of asset objects unloaded after import = 11
========================================================================
Received Import Request.
  Time since last request: 0.002403 seconds.
  path: Assets/Creator Kit - RPG/Art/Sprites/Floors/Tiles_DarkGrasstoGrass.png
  artifactKey: Guid(c0a5a87d19188f54ebc44df12c0ef2c5) Importer(815301076,1909f56bfc062723c751e8b465ee728b)
Start importing Assets/Creator Kit - RPG/Art/Sprites/Floors/Tiles_DarkGrasstoGrass.png using Guid(c0a5a87d19188f54ebc44df12c0ef2c5) Importer(815301076,1909f56bfc062723c751e8b465ee728b)  -> (artifact id: '6cf6007c8bbc035a1320f70d53e98c12') in 0.042089 seconds
Number of updated asset objects reloaded before import = 0
Number of asset objects unloaded after import = 11
========================================================================
Received Import Request.
  Time since last request: 0.000020 seconds.
  path: Assets/Creator Kit - RPG/Art/Sprites/Floors/Tiles_Grass.png
  artifactKey: Guid(f0c5dcd8670748f44885d4dd86ca8c11) Importer(815301076,1909f56bfc062723c751e8b465ee728b)
Start importing Assets/Creator Kit - RPG/Art/Sprites/Floors/Tiles_Grass.png using Guid(f0c5dcd8670748f44885d4dd86ca8c11) Importer(815301076,1909f56bfc062723c751e8b465ee728b)  -> (artifact id: '343faa351f8f707f3cd79e6b856bbc5f') in 0.040235 seconds
Number of updated asset objects reloaded before import = 0
Number of asset objects unloaded after import = 11
========================================================================
Received Import Request.
  Time since last request: 0.316400 seconds.
  path: Assets/Creator Kit - RPG/Cutscene/Transitions/transition-0.png
  artifactKey: Guid(dfb93313495e3e545bdfc38ede4aaeaf) Importer(815301076,1909f56bfc062723c751e8b465ee728b)
Start importing Assets/Creator Kit - RPG/Cutscene/Transitions/transition-0.png using Guid(dfb93313495e3e545bdfc38ede4aaeaf) Importer(815301076,1909f56bfc062723c751e8b465ee728b)  -> (artifact id: '7876440f38a9bad0eeca07a0a76cb081') in 0.044568 seconds
Number of updated asset objects reloaded before import = 0
Number of asset objects unloaded after import = 3
========================================================================
Received Import Request.
  Time since last request: 0.000018 seconds.
  path: Assets/Creator Kit - RPG/Cutscene/Transitions/transition-2.png
  artifactKey: Guid(603e7c83c444ad8439b4f3972d6ac914) Importer(815301076,1909f56bfc062723c751e8b465ee728b)
Start importing Assets/Creator Kit - RPG/Cutscene/Transitions/transition-2.png using Guid(603e7c83c444ad8439b4f3972d6ac914) Importer(815301076,1909f56bfc062723c751e8b465ee728b)  -> (artifact id: 'd5b413ef537c3399568474af06239d36') in 0.030102 seconds
Number of updated asset objects reloaded before import = 0
Number of asset objects unloaded after import = 3
========================================================================
Received Import Request.
  Time since last request: 0.000133 seconds.
  path: Assets/Creator Kit - RPG/Cutscene/Transitions/transition-6.png
  artifactKey: Guid(8738b94501ca6ea4f947fc66f8fbbd16) Importer(815301076,1909f56bfc062723c751e8b465ee728b)
Start importing Assets/Creator Kit - RPG/Cutscene/Transitions/transition-6.png using Guid(8738b94501ca6ea4f947fc66f8fbbd16) Importer(815301076,1909f56bfc062723c751e8b465ee728b)  -> (artifact id: '419b567e6baaea047645335f0d29e3ca') in 0.027034 seconds
Number of updated asset objects reloaded before import = 0
Number of asset objects unloaded after import = 3
========================================================================
Received Import Request.
  Time since last request: 0.000103 seconds.
  path: Assets/Creator Kit - RPG/Cutscene/Transitions/transition-3.png
  artifactKey: Guid(2f68931e5fb2dd04695942636863ea61) Importer(815301076,1909f56bfc062723c751e8b465ee728b)
Start importing Assets/Creator Kit - RPG/Cutscene/Transitions/transition-3.png using Guid(2f68931e5fb2dd04695942636863ea61) Importer(815301076,1909f56bfc062723c751e8b465ee728b)  -> (artifact id: '5e7e8eba8b95a3d9604b151da79a137b') in 0.030283 seconds
Number of updated asset objects reloaded before import = 0
Number of asset objects unloaded after import = 3
========================================================================
Received Import Request.
  Time since last request: 0.000200 seconds.
  path: Assets/Creator Kit - RPG/Cutscene/Transitions/transition-7.png
  artifactKey: Guid(d3324c3b752839b45b6388e3d903e9fc) Importer(815301076,1909f56bfc062723c751e8b465ee728b)
Start importing Assets/Creator Kit - RPG/Cutscene/Transitions/transition-7.png using Guid(d3324c3b752839b45b6388e3d903e9fc) Importer(815301076,1909f56bfc062723c751e8b465ee728b)  -> (artifact id: '0f4532cfad5414b513e02928f7ed12dd') in 0.028269 seconds
Number of updated asset objects reloaded before import = 0
Number of asset objects unloaded after import = 3
========================================================================
Received Import Request.
  Time since last request: 1.179185 seconds.
  path: Assets/Creator Kit - RPG/Art/Sprites/UI/DialogueBar.psd
  artifactKey: Guid(864d53185d49afd4ba160601369e6557) Importer(815301076,1909f56bfc062723c751e8b465ee728b)
Start importing Assets/Creator Kit - RPG/Art/Sprites/UI/DialogueBar.psd using Guid(864d53185d49afd4ba160601369e6557) Importer(815301076,1909f56bfc062723c751e8b465ee728b)  -> (artifact id: '3cc7d04beb6c9b51e026de2d41ded152') in 0.030713 seconds
Number of updated asset objects reloaded before import = 0
Number of asset objects unloaded after import = 3
========================================================================
Received Import Request.
  Time since last request: 27.799892 seconds.
  path: Packages/com.unity.render-pipelines.universal/Runtime/Materials/FullscreenInvertColors.mat
  artifactKey: Guid(78a08787ca30045abb69f6f7dd878e09) Importer(815301076,1909f56bfc062723c751e8b465ee728b)
Start importing Packages/com.unity.render-pipelines.universal/Runtime/Materials/FullscreenInvertColors.mat using Guid(78a08787ca30045abb69f6f7dd878e09) Importer(815301076,1909f56bfc062723c751e8b465ee728b)  -> (artifact id: '85549127b24c84fc457ba57dfc6de5d9') in 0.988001 seconds
Number of updated asset objects reloaded before import = 0
Number of asset objects unloaded after import = 4
